[Sat May  3 18:23:14 2025] PHP 8.4.4 Development Server (http://localhost:8000) started
[Sat May  3 18:25:28 2025] [::1]:64536 Accepted
[Sat May  3 18:25:28 2025] [::1]:64536 [200]: GET /
[Sat May  3 18:25:28 2025] [::1]:64536 Closing
[Sat May  3 18:25:28 2025] [::1]:64537 Accepted
[Sat May  3 18:25:28 2025] [::1]:64537 [200]: GET /style/index.css
[Sat May  3 18:25:28 2025] [::1]:64538 Accepted
[Sat May  3 18:25:28 2025] [::1]:64539 Accepted
[Sat May  3 18:25:28 2025] [::1]:64537 Closing
[Sat May  3 18:25:28 2025] [::1]:64538 [200]: GET /style/blog.css
[Sat May  3 18:25:28 2025] [::1]:64538 Closing
[Sat May  3 18:25:28 2025] [::1]:64540 Accepted
[Sat May  3 18:25:28 2025] [::1]:64539 [200]: GET /style/bootstrap.min.css
[Sat May  3 18:25:28 2025] [::1]:64540 [200]: GET /script/toastrWrapper.js?test1
[Sat May  3 18:25:28 2025] [::1]:64539 Closing
[Sat May  3 18:25:28 2025] [::1]:64540 Closing
[Sat May  3 18:25:29 2025] [::1]:64547 Accepted
[Sat May  3 18:25:29 2025] [::1]:64547 [200]: GET /images/k.ico
[Sat May  3 18:25:29 2025] [::1]:64547 Closing
[Sat May  3 18:25:45 2025] [::1]:64550 Accepted
[Sat May  3 18:25:45 2025] [::1]:64550 [200]: GET /test.php
[Sat May  3 18:25:45 2025] [::1]:64550 Closing
[Sat May  3 18:25:45 2025] [::1]:64551 Accepted
[Sat May  3 18:25:45 2025] [::1]:64552 Accepted
[Sat May  3 18:25:45 2025] [::1]:64551 [200]: GET /style/index.css
[Sat May  3 18:25:45 2025] [::1]:64551 Closing
[Sat May  3 18:25:45 2025] [::1]:64553 Accepted
[Sat May  3 18:25:45 2025] [::1]:64554 Accepted
[Sat May  3 18:25:45 2025] [::1]:64552 [200]: GET /style/blog.css
[Sat May  3 18:25:45 2025] [::1]:64553 [200]: GET /style/bootstrap.min.css
[Sat May  3 18:25:45 2025] [::1]:64554 [200]: GET /script/toastrWrapper.js?test1
[Sat May  3 18:25:45 2025] [::1]:64552 Closing
[Sat May  3 18:25:45 2025] [::1]:64554 Closing
[Sat May  3 18:25:45 2025] [::1]:64553 Closing
[Sat May  3 18:26:49 2025] [::1]:64561 Accepted
[Sat May  3 18:26:49 2025] [::1]:64561 [200]: GET /
[Sat May  3 18:26:49 2025] [::1]:64561 Closing
[Sat May  3 18:26:49 2025] [::1]:64562 Accepted
[Sat May  3 18:26:49 2025] [::1]:64563 Accepted
[Sat May  3 18:26:49 2025] [::1]:64562 [200]: GET /style/index.css
[Sat May  3 18:26:49 2025] [::1]:64562 Closing
[Sat May  3 18:26:49 2025] [::1]:64564 Accepted
[Sat May  3 18:26:49 2025] [::1]:64563 [200]: GET /style/blog.css
[Sat May  3 18:26:49 2025] [::1]:64563 Closing
[Sat May  3 18:26:49 2025] [::1]:64565 Accepted
[Sat May  3 18:26:49 2025] [::1]:64564 [200]: GET /style/bootstrap.min.css
[Sat May  3 18:26:49 2025] [::1]:64564 Closing
[Sat May  3 18:26:49 2025] [::1]:64565 [200]: GET /script/toastrWrapper.js?test1
[Sat May  3 18:26:49 2025] [::1]:64565 Closing
[Sat May  3 18:27:44 2025] [::1]:64596 Accepted
[Sat May  3 18:27:44 2025] [::1]:64597 Accepted
[Sat May  3 18:27:44 2025] [::1]:64596 [200]: GET /test.php
[Sat May  3 18:27:44 2025] [::1]:64596 Closing
[Sat May  3 18:27:44 2025] [::1]:64597 [200]: GET /style/index.css
[Sat May  3 18:27:44 2025] [::1]:64597 Closing
[Sat May  3 18:27:44 2025] [::1]:64598 Accepted
[Sat May  3 18:27:44 2025] [::1]:64599 Accepted
[Sat May  3 18:27:44 2025] [::1]:64600 Accepted
[Sat May  3 18:27:44 2025] [::1]:64598 [200]: GET /style/blog.css
[Sat May  3 18:27:44 2025] [::1]:64599 [200]: GET /style/bootstrap.min.css
[Sat May  3 18:27:44 2025] [::1]:64598 Closing
[Sat May  3 18:27:44 2025] [::1]:64600 [200]: GET /script/toastrWrapper.js?test1
[Sat May  3 18:27:44 2025] [::1]:64599 Closing
[Sat May  3 18:27:44 2025] [::1]:64600 Closing
[Sat May  3 18:27:44 2025] [::1]:64601 Accepted
[Sat May  3 18:27:44 2025] [::1]:64601 [200]: GET /images/k.ico
[Sat May  3 18:27:44 2025] [::1]:64601 Closing
[Sat May  3 18:27:47 2025] [::1]:64603 Accepted
[Sat May  3 18:27:47 2025] [::1]:64603 [200]: GET /
[Sat May  3 18:27:47 2025] [::1]:64603 Closing
[Sat May  3 18:27:47 2025] [::1]:64604 Accepted
[Sat May  3 18:27:47 2025] [::1]:64605 Accepted
[Sat May  3 18:27:47 2025] [::1]:64604 [200]: GET /style/index.css
[Sat May  3 18:27:47 2025] [::1]:64604 Closing
[Sat May  3 18:27:47 2025] [::1]:64606 Accepted
[Sat May  3 18:27:47 2025] [::1]:64607 Accepted
[Sat May  3 18:27:47 2025] [::1]:64605 [200]: GET /style/blog.css
[Sat May  3 18:27:47 2025] [::1]:64606 [200]: GET /style/bootstrap.min.css
[Sat May  3 18:27:47 2025] [::1]:64607 [200]: GET /script/toastrWrapper.js?test1
[Sat May  3 18:27:47 2025] [::1]:64605 Closing
[Sat May  3 18:27:47 2025] [::1]:64607 Closing
[Sat May  3 18:27:47 2025] [::1]:64606 Closing
[Sat May  3 18:28:03 2025] [::1]:64614 Accepted
[Sat May  3 18:28:03 2025] [::1]:64614 [200]: GET /js_sdk_v1.php
[Sat May  3 18:28:03 2025] [::1]:64614 Closing
[Sat May  3 18:28:03 2025] [::1]:64615 Accepted
[Sat May  3 18:28:03 2025] [::1]:64616 Accepted
[Sat May  3 18:28:03 2025] [::1]:64617 Accepted
[Sat May  3 18:28:03 2025] [::1]:64618 Accepted
[Sat May  3 18:28:03 2025] [::1]:64615 [200]: GET /style/index.css
[Sat May  3 18:28:03 2025] [::1]:64616 [200]: GET /style/blog.css
[Sat May  3 18:28:03 2025] [::1]:64617 [200]: GET /style/bootstrap.min.css
[Sat May  3 18:28:03 2025] [::1]:64618 [200]: GET /script/toastrWrapper.js?test1
[Sat May  3 18:28:03 2025] [::1]:64615 Closing
[Sat May  3 18:28:03 2025] [::1]:64616 Closing
[Sat May  3 18:28:03 2025] [::1]:64618 Closing
[Sat May  3 18:28:03 2025] [::1]:64617 Closing
[Sat May  3 18:28:04 2025] [::1]:64620 Accepted
[Sat May  3 18:28:04 2025] [::1]:64620 [200]: GET /js_sdk_v2.php
[Sat May  3 18:28:04 2025] [::1]:64620 Closing
[Sat May  3 18:28:04 2025] [::1]:64621 Accepted
[Sat May  3 18:28:04 2025] [::1]:64622 Accepted
[Sat May  3 18:28:04 2025] [::1]:64621 [200]: GET /style/index.css
[Sat May  3 18:28:04 2025] [::1]:64621 Closing
[Sat May  3 18:28:04 2025] [::1]:64624 Accepted
[Sat May  3 18:28:04 2025] [::1]:64625 Accepted
[Sat May  3 18:28:04 2025] [::1]:64622 [200]: GET /style/blog.css
[Sat May  3 18:28:04 2025] [::1]:64622 Closing
[Sat May  3 18:28:04 2025] [::1]:64624 [200]: GET /style/bootstrap.min.css
[Sat May  3 18:28:04 2025] [::1]:64625 [200]: GET /script/toastrWrapper.js?test1
[Sat May  3 18:28:04 2025] [::1]:64625 Closing
[Sat May  3 18:28:04 2025] [::1]:64624 Closing
[Sat May  3 18:28:05 2025] [::1]:64628 Accepted
[Sat May  3 18:28:05 2025] [::1]:64628 [200]: GET /js_sdk_v1.php
[Sat May  3 18:28:05 2025] [::1]:64628 Closing
[Sat May  3 18:28:05 2025] [::1]:64629 Accepted
[Sat May  3 18:28:05 2025] [::1]:64630 Accepted
[Sat May  3 18:28:05 2025] [::1]:64629 [200]: GET /style/index.css
[Sat May  3 18:28:05 2025] [::1]:64629 Closing
[Sat May  3 18:28:05 2025] [::1]:64631 Accepted
[Sat May  3 18:28:05 2025] [::1]:64632 Accepted
[Sat May  3 18:28:05 2025] [::1]:64630 [200]: GET /style/blog.css
[Sat May  3 18:28:05 2025] [::1]:64631 [200]: GET /style/bootstrap.min.css
[Sat May  3 18:28:05 2025] [::1]:64632 [200]: GET /script/toastrWrapper.js?test1
[Sat May  3 18:28:05 2025] [::1]:64630 Closing
[Sat May  3 18:28:05 2025] [::1]:64632 Closing
[Sat May  3 18:28:05 2025] [::1]:64631 Closing
[Sat May  3 18:28:06 2025] [::1]:64633 Accepted
[Sat May  3 18:28:06 2025] [::1]:64633 [200]: GET /js_sdk_v2.php
[Sat May  3 18:28:06 2025] [::1]:64633 Closing
[Sat May  3 18:28:06 2025] [::1]:64634 Accepted
[Sat May  3 18:28:06 2025] [::1]:64635 Accepted
[Sat May  3 18:28:06 2025] [::1]:64634 [200]: GET /style/index.css
[Sat May  3 18:28:06 2025] [::1]:64634 Closing
[Sat May  3 18:28:06 2025] [::1]:64636 Accepted
[Sat May  3 18:28:06 2025] [::1]:64637 Accepted
[Sat May  3 18:28:06 2025] [::1]:64635 [200]: GET /style/blog.css
[Sat May  3 18:28:06 2025] [::1]:64635 Closing
[Sat May  3 18:28:06 2025] [::1]:64636 [200]: GET /style/bootstrap.min.css
[Sat May  3 18:28:06 2025] [::1]:64637 [200]: GET /script/toastrWrapper.js?test1
[Sat May  3 18:28:06 2025] [::1]:64636 Closing
[Sat May  3 18:28:06 2025] [::1]:64637 Closing
[Sat May  3 18:28:15 2025] [::1]:64638 Accepted
[Sat May  3 18:28:15 2025] [::1]:64638 [200]: GET /
[Sat May  3 18:28:15 2025] [::1]:64638 Closing
[Sat May  3 18:28:15 2025] [::1]:64639 Accepted
[Sat May  3 18:28:15 2025] [::1]:64640 Accepted
[Sat May  3 18:28:15 2025] [::1]:64639 [200]: GET /style/index.css
[Sat May  3 18:28:15 2025] [::1]:64639 Closing
[Sat May  3 18:28:15 2025] [::1]:64641 Accepted
[Sat May  3 18:28:15 2025] [::1]:64642 Accepted
[Sat May  3 18:28:15 2025] [::1]:64640 [200]: GET /style/blog.css
[Sat May  3 18:28:15 2025] [::1]:64640 Closing
[Sat May  3 18:28:15 2025] [::1]:64641 [200]: GET /style/bootstrap.min.css
[Sat May  3 18:28:15 2025] [::1]:64642 [200]: GET /script/toastrWrapper.js?test1
[Sat May  3 18:28:15 2025] [::1]:64642 Closing
[Sat May  3 18:28:15 2025] [::1]:64641 Closing
[Sat May  3 18:28:17 2025] [::1]:64643 Accepted
[Sat May  3 18:28:17 2025] [::1]:64643 [200]: GET /js_sdk_v1.php
[Sat May  3 18:28:17 2025] [::1]:64643 Closing
[Sat May  3 18:28:17 2025] [::1]:64644 Accepted
[Sat May  3 18:28:17 2025] [::1]:64645 Accepted
[Sat May  3 18:28:17 2025] [::1]:64644 [200]: GET /style/index.css
[Sat May  3 18:28:17 2025] [::1]:64644 Closing
[Sat May  3 18:28:17 2025] [::1]:64646 Accepted
[Sat May  3 18:28:17 2025] [::1]:64647 Accepted
[Sat May  3 18:28:17 2025] [::1]:64645 [200]: GET /style/blog.css
[Sat May  3 18:28:17 2025] [::1]:64645 Closing
[Sat May  3 18:28:17 2025] [::1]:64646 [200]: GET /style/bootstrap.min.css
[Sat May  3 18:28:17 2025] [::1]:64647 [200]: GET /script/toastrWrapper.js?test1
[Sat May  3 18:28:17 2025] [::1]:64646 Closing
[Sat May  3 18:28:17 2025] [::1]:64647 Closing
[Sat May  3 18:28:18 2025] [::1]:64648 Accepted
[Sat May  3 18:28:18 2025] [::1]:64648 [200]: GET /
[Sat May  3 18:28:18 2025] [::1]:64648 Closing
[Sat May  3 18:28:18 2025] [::1]:64649 Accepted
[Sat May  3 18:28:18 2025] [::1]:64650 Accepted
[Sat May  3 18:28:18 2025] [::1]:64649 [200]: GET /style/index.css
[Sat May  3 18:28:18 2025] [::1]:64649 Closing
[Sat May  3 18:28:18 2025] [::1]:64651 Accepted
[Sat May  3 18:28:18 2025] [::1]:64652 Accepted
[Sat May  3 18:28:18 2025] [::1]:64650 [200]: GET /style/blog.css
[Sat May  3 18:28:18 2025] [::1]:64651 [200]: GET /style/bootstrap.min.css
[Sat May  3 18:28:18 2025] [::1]:64652 [200]: GET /script/toastrWrapper.js?test1
[Sat May  3 18:28:18 2025] [::1]:64650 Closing
[Sat May  3 18:28:18 2025] [::1]:64652 Closing
[Sat May  3 18:28:18 2025] [::1]:64651 Closing
[Sat May  3 18:28:19 2025] [::1]:64653 Accepted
[Sat May  3 18:28:19 2025] [::1]:64653 [200]: GET /js_sdk_v2.php
[Sat May  3 18:28:19 2025] [::1]:64653 Closing
[Sat May  3 18:28:19 2025] [::1]:64654 Accepted
[Sat May  3 18:28:19 2025] [::1]:64655 Accepted
[Sat May  3 18:28:19 2025] [::1]:64654 [200]: GET /style/index.css
[Sat May  3 18:28:19 2025] [::1]:64654 Closing
[Sat May  3 18:28:19 2025] [::1]:64656 Accepted
[Sat May  3 18:28:19 2025] [::1]:64657 Accepted
[Sat May  3 18:28:19 2025] [::1]:64656 [200]: GET /style/bootstrap.min.css
[Sat May  3 18:28:19 2025] [::1]:64655 [200]: GET /style/blog.css
[Sat May  3 18:28:19 2025] [::1]:64657 [200]: GET /script/toastrWrapper.js?test1
[Sat May  3 18:28:19 2025] [::1]:64655 Closing
[Sat May  3 18:28:19 2025] [::1]:64656 Closing
[Sat May  3 18:28:19 2025] [::1]:64657 Closing
[Sat May  3 18:28:21 2025] [::1]:64658 Accepted
[Sat May  3 18:28:21 2025] [::1]:64658 [200]: GET /
[Sat May  3 18:28:21 2025] [::1]:64658 Closing
[Sat May  3 18:28:21 2025] [::1]:64659 Accepted
[Sat May  3 18:28:21 2025] [::1]:64660 Accepted
[Sat May  3 18:28:21 2025] [::1]:64659 [200]: GET /style/index.css
[Sat May  3 18:28:21 2025] [::1]:64659 Closing
[Sat May  3 18:28:21 2025] [::1]:64661 Accepted
[Sat May  3 18:28:21 2025] [::1]:64662 Accepted
[Sat May  3 18:28:21 2025] [::1]:64660 [200]: GET /style/blog.css
[Sat May  3 18:28:21 2025] [::1]:64661 [200]: GET /style/bootstrap.min.css
[Sat May  3 18:28:21 2025] [::1]:64660 Closing
[Sat May  3 18:28:21 2025] [::1]:64662 [200]: GET /script/toastrWrapper.js?test1
[Sat May  3 18:28:21 2025] [::1]:64661 Closing
[Sat May  3 18:28:21 2025] [::1]:64662 Closing
[Sat May  3 18:28:26 2025] [::1]:64663 Accepted
[Sat May  3 18:28:26 2025] [::1]:64663 [200]: GET /js_sdk_v2.php
[Sat May  3 18:28:26 2025] [::1]:64663 Closing
[Sat May  3 18:28:26 2025] [::1]:64664 Accepted
[Sat May  3 18:28:26 2025] [::1]:64665 Accepted
[Sat May  3 18:28:26 2025] [::1]:64664 [200]: GET /style/index.css
[Sat May  3 18:28:26 2025] [::1]:64664 Closing
[Sat May  3 18:28:26 2025] [::1]:64666 Accepted
[Sat May  3 18:28:26 2025] [::1]:64667 Accepted
[Sat May  3 18:28:26 2025] [::1]:64665 [200]: GET /style/blog.css
[Sat May  3 18:28:26 2025] [::1]:64666 [200]: GET /style/bootstrap.min.css
[Sat May  3 18:28:26 2025] [::1]:64667 [200]: GET /script/toastrWrapper.js?test1
[Sat May  3 18:28:26 2025] [::1]:64665 Closing
[Sat May  3 18:28:26 2025] [::1]:64666 Closing
[Sat May  3 18:28:26 2025] [::1]:64667 Closing
[Sat May  3 18:28:28 2025] [::1]:64669 Accepted
[Sat May  3 18:28:28 2025] [::1]:64669 [200]: GET /js_sdk_v1.php
[Sat May  3 18:28:28 2025] [::1]:64669 Closing
[Sat May  3 18:28:28 2025] [::1]:64670 Accepted
[Sat May  3 18:28:28 2025] [::1]:64671 Accepted
[Sat May  3 18:28:28 2025] [::1]:64670 [200]: GET /style/index.css
[Sat May  3 18:28:28 2025] [::1]:64670 Closing
[Sat May  3 18:28:28 2025] [::1]:64671 [200]: GET /style/blog.css
[Sat May  3 18:28:28 2025] [::1]:64671 Closing
[Sat May  3 18:28:28 2025] [::1]:64672 Accepted
[Sat May  3 18:28:28 2025] [::1]:64673 Accepted
[Sat May  3 18:28:28 2025] [::1]:64672 [200]: GET /style/bootstrap.min.css
[Sat May  3 18:28:28 2025] [::1]:64673 [200]: GET /script/toastrWrapper.js?test1
[Sat May  3 18:28:28 2025] [::1]:64673 Closing
[Sat May  3 18:28:28 2025] [::1]:64672 Closing
[Sat May  3 18:28:29 2025] [::1]:64674 Accepted
[Sat May  3 18:28:29 2025] [::1]:64674 [200]: GET /
[Sat May  3 18:28:29 2025] [::1]:64674 Closing
[Sat May  3 18:28:29 2025] [::1]:64675 Accepted
[Sat May  3 18:28:29 2025] [::1]:64676 Accepted
[Sat May  3 18:28:29 2025] [::1]:64675 [200]: GET /style/index.css
[Sat May  3 18:28:29 2025] [::1]:64675 Closing
[Sat May  3 18:28:29 2025] [::1]:64677 Accepted
[Sat May  3 18:28:29 2025] [::1]:64678 Accepted
[Sat May  3 18:28:29 2025] [::1]:64676 [200]: GET /style/blog.css
[Sat May  3 18:28:29 2025] [::1]:64677 [200]: GET /style/bootstrap.min.css
[Sat May  3 18:28:29 2025] [::1]:64676 Closing
[Sat May  3 18:28:29 2025] [::1]:64678 [200]: GET /script/toastrWrapper.js?test1
[Sat May  3 18:28:29 2025] [::1]:64677 Closing
[Sat May  3 18:28:29 2025] [::1]:64678 Closing
[Sat May  3 18:28:39 2025] [::1]:64679 Accepted
[Sat May  3 18:28:39 2025] [::1]:64679 [200]: GET /
[Sat May  3 18:28:39 2025] [::1]:64679 Closing
[Sat May  3 18:28:39 2025] [::1]:64680 Accepted
[Sat May  3 18:28:39 2025] [::1]:64681 Accepted
[Sat May  3 18:28:39 2025] [::1]:64680 [200]: GET /style/index.css
[Sat May  3 18:28:39 2025] [::1]:64680 Closing
[Sat May  3 18:28:39 2025] [::1]:64682 Accepted
[Sat May  3 18:28:39 2025] [::1]:64683 Accepted
[Sat May  3 18:28:39 2025] [::1]:64681 [200]: GET /style/blog.css
[Sat May  3 18:28:39 2025] [::1]:64682 [200]: GET /style/bootstrap.min.css
[Sat May  3 18:28:39 2025] [::1]:64683 [200]: GET /script/toastrWrapper.js?test1
[Sat May  3 18:28:39 2025] [::1]:64681 Closing
[Sat May  3 18:28:39 2025] [::1]:64683 Closing
[Sat May  3 18:28:39 2025] [::1]:64682 Closing
[Sat May  3 18:28:43 2025] [::1]:64685 Accepted
[Sat May  3 18:28:43 2025] [::1]:64685 [200]: GET /js_sdk_v1.php
[Sat May  3 18:28:43 2025] [::1]:64685 Closing
[Sat May  3 18:28:43 2025] [::1]:64686 Accepted
[Sat May  3 18:28:43 2025] [::1]:64687 Accepted
[Sat May  3 18:28:43 2025] [::1]:64686 [200]: GET /style/index.css
[Sat May  3 18:28:43 2025] [::1]:64686 Closing
[Sat May  3 18:28:43 2025] [::1]:64689 Accepted
[Sat May  3 18:28:43 2025] [::1]:64690 Accepted
[Sat May  3 18:28:43 2025] [::1]:64687 [200]: GET /style/blog.css
[Sat May  3 18:28:43 2025] [::1]:64689 [200]: GET /style/bootstrap.min.css
[Sat May  3 18:28:43 2025] [::1]:64687 Closing
[Sat May  3 18:28:43 2025] [::1]:64690 [200]: GET /script/toastrWrapper.js?test1
[Sat May  3 18:28:43 2025] [::1]:64689 Closing
[Sat May  3 18:28:43 2025] [::1]:64690 Closing
[Sat May  3 18:28:44 2025] [::1]:64691 Accepted
[Sat May  3 18:28:44 2025] [::1]:64691 [200]: GET /
[Sat May  3 18:28:44 2025] [::1]:64691 Closing
[Sat May  3 18:28:44 2025] [::1]:64692 Accepted
[Sat May  3 18:28:44 2025] [::1]:64693 Accepted
[Sat May  3 18:28:44 2025] [::1]:64692 [200]: GET /style/index.css
[Sat May  3 18:28:44 2025] [::1]:64692 Closing
[Sat May  3 18:28:44 2025] [::1]:64694 Accepted
[Sat May  3 18:28:44 2025] [::1]:64695 Accepted
[Sat May  3 18:28:44 2025] [::1]:64693 [200]: GET /style/blog.css
[Sat May  3 18:28:44 2025] [::1]:64694 [200]: GET /style/bootstrap.min.css
[Sat May  3 18:28:44 2025] [::1]:64693 Closing
[Sat May  3 18:28:44 2025] [::1]:64695 [200]: GET /script/toastrWrapper.js?test1
[Sat May  3 18:28:44 2025] [::1]:64695 Closing
[Sat May  3 18:28:44 2025] [::1]:64694 Closing
[Sat May  3 18:28:56 2025] [::1]:64698 Accepted
[Sat May  3 18:28:56 2025] PHP Warning:  Undefined array key "workershigh_user_session" in /Users/kakao/Cursor/test-tam.pe.kr/kakao.php on line 492
[Sat May  3 18:28:56 2025] PHP Warning:  Undefined array key "compare_user_session" in /Users/kakao/Cursor/test-tam.pe.kr/kakao.php on line 494
[Sat May  3 18:28:56 2025] [::1]:64698 [200]: GET /kakao.php
[Sat May  3 18:28:56 2025] [::1]:64698 Closing
[Sat May  3 18:28:56 2025] [::1]:64699 Accepted
[Sat May  3 18:28:56 2025] [::1]:64700 Accepted
[Sat May  3 18:28:56 2025] [::1]:64699 [200]: GET /toastrWrapper.js?test1
[Sat May  3 18:28:56 2025] [::1]:64699 Closing
[Sat May  3 18:28:57 2025] [::1]:64707 Accepted
[Sat May  3 18:28:57 2025] [::1]:64707 [200]: GET /manifest.json
[Sat May  3 18:28:57 2025] [::1]:64707 Closing
[Sat May  3 18:28:57 2025] [::1]:64700 [200]: GET /favicon.ico
[Sat May  3 18:28:57 2025] [::1]:64700 Closing
[Sat May  3 18:29:15 2025] [::1]:64709 Accepted
[Sat May  3 18:29:15 2025] [::1]:64709 [200]: GET /
[Sat May  3 18:29:15 2025] [::1]:64709 Closing
[Sat May  3 18:29:15 2025] [::1]:64710 Accepted
[Sat May  3 18:29:15 2025] [::1]:64711 Accepted
[Sat May  3 18:29:15 2025] [::1]:64710 [200]: GET /style/index.css
[Sat May  3 18:29:15 2025] [::1]:64710 Closing
[Sat May  3 18:29:15 2025] [::1]:64712 Accepted
[Sat May  3 18:29:15 2025] [::1]:64713 Accepted
[Sat May  3 18:29:15 2025] [::1]:64711 [200]: GET /style/blog.css
[Sat May  3 18:29:15 2025] [::1]:64711 Closing
[Sat May  3 18:29:15 2025] [::1]:64712 [200]: GET /style/bootstrap.min.css
[Sat May  3 18:29:15 2025] [::1]:64713 [200]: GET /script/toastrWrapper.js?test1
[Sat May  3 18:29:15 2025] [::1]:64712 Closing
[Sat May  3 18:29:15 2025] [::1]:64713 Closing
[Sat May  3 18:29:23 2025] [::1]:64719 Accepted
[Sat May  3 18:29:23 2025] [::1]:64719 [200]: GET /msg_test.php
[Sat May  3 18:29:23 2025] [::1]:64719 Closing
[Sat May  3 18:29:23 2025] [::1]:64720 Accepted
[Sat May  3 18:29:23 2025] [::1]:64720 [200]: GET /favicon.ico
[Sat May  3 18:29:23 2025] [::1]:64720 Closing
